<?xml version="1.0" encoding="UTF-8"?>
<coverage generated="1671097799908" clover="3.2.0">
  <project timestamp="1671097799909" name="All files">
    <metrics statements="28" coveredstatements="28" conditionals="16" coveredconditionals="16" methods="15" coveredmethods="15" elements="59" coveredelements="59" complexity="0" loc="28" ncloc="28" packages="1" files="1" classes="1"/>
    <file name="basic-maths.js" path="C:\Users\User\Desktop\calculator\src\basic-maths.js">
      <metrics statements="28" coveredstatements="28" conditionals="16" coveredconditionals="16" methods="15" coveredmethods="15"/>
      <line num="2" count="2" type="stmt"/>
      <line num="5" count="2" type="stmt"/>
      <line num="8" count="2" type="stmt"/>
      <line num="11" count="2" type="stmt"/>
      <line num="14" count="2" type="stmt"/>
      <line num="17" count="2" type="stmt"/>
      <line num="21" count="2" type="stmt"/>
      <line num="24" count="2" type="stmt"/>
      <line num="27" count="4" type="cond" truecount="4" falsecount="0"/>
      <line num="28" count="2" type="stmt"/>
      <line num="30" count="2" type="stmt"/>
      <line num="33" count="3" type="cond" truecount="4" falsecount="0"/>
      <line num="34" count="1" type="stmt"/>
      <line num="36" count="2" type="stmt"/>
      <line num="39" count="3" type="cond" truecount="2" falsecount="0"/>
      <line num="40" count="1" type="stmt"/>
      <line num="42" count="2" type="stmt"/>
      <line num="45" count="3" type="cond" truecount="2" falsecount="0"/>
      <line num="46" count="1" type="stmt"/>
      <line num="48" count="2" type="stmt"/>
      <line num="51" count="13" type="cond" truecount="2" falsecount="0"/>
      <line num="52" count="11" type="stmt"/>
      <line num="54" count="2" type="stmt"/>
      <line num="58" count="2" type="stmt"/>
      <line num="61" count="10" type="cond" truecount="2" falsecount="0"/>
      <line num="62" count="2" type="stmt"/>
      <line num="64" count="8" type="stmt"/>
      <line num="68" count="1" type="stmt"/>
    </file>
  </project>
</coverage>
