{"C:\\Users\\User\\Desktop\\calculator\\src\\basic-maths.js": {"path":"C:\\Users\\User\\Desktop\\calculator\\src\\basic-maths.js","statementMap":{"0":{"start":{"line":2,"column":4},"end":{"line":2,"column":19}},"1":{"start":{"line":5,"column":4},"end":{"line":5,"column":20}},"2":{"start":{"line":8,"column":4},"end":{"line":8,"column":26}},"3":{"start":{"line":11,"column":4},"end":{"line":11,"column":18}},"4":{"start":{"line":14,"column":4},"end":{"line":14,"column":20}},"5":{"start":{"line":17,"column":4},"end":{"line":17,"column":25}},"6":{"start":{"line":21,"column":4},"end":{"line":21,"column":25}},"7":{"start":{"line":24,"column":4},"end":{"line":24,"column":25}},"8":{"start":{"line":27,"column":4},"end":{"line":29,"column":5}},"9":{"start":{"line":28,"column":8},"end":{"line":28,"column":16}},"10":{"start":{"line":30,"column":4},"end":{"line":30,"column":25}},"11":{"start":{"line":33,"column":4},"end":{"line":36,"column":27}},"12":{"start":{"line":34,"column":8},"end":{"line":34,"column":28}},"13":{"start":{"line":36,"column":8},"end":{"line":36,"column":27}},"14":{"start":{"line":39,"column":4},"end":{"line":42,"column":29}},"15":{"start":{"line":40,"column":8},"end":{"line":40,"column":37}},"16":{"start":{"line":42,"column":8},"end":{"line":42,"column":29}},"17":{"start":{"line":45,"column":4},"end":{"line":48,"column":29}},"18":{"start":{"line":46,"column":8},"end":{"line":46,"column":37}},"19":{"start":{"line":48,"column":8},"end":{"line":48,"column":29}},"20":{"start":{"line":51,"column":4},"end":{"line":55,"column":5}},"21":{"start":{"line":52,"column":8},"end":{"line":52,"column":45}},"22":{"start":{"line":54,"column":8},"end":{"line":54,"column":19}},"23":{"start":{"line":58,"column":4},"end":{"line":58,"column":18}},"24":{"start":{"line":61,"column":4},"end":{"line":65,"column":5}},"25":{"start":{"line":62,"column":8},"end":{"line":62,"column":17}},"26":{"start":{"line":64,"column":8},"end":{"line":64,"column":39}},"27":{"start":{"line":68,"column":0},"end":{"line":84,"column":1}}},"fnMap":{"0":{"name":"switchPlusMinus","decl":{"start":{"line":1,"column":9},"end":{"line":1,"column":24}},"loc":{"start":{"line":1,"column":30},"end":{"line":3,"column":1}},"line":1},"1":{"name":"square","decl":{"start":{"line":4,"column":9},"end":{"line":4,"column":15}},"loc":{"start":{"line":4,"column":21},"end":{"line":6,"column":1}},"line":4},"2":{"name":"cube","decl":{"start":{"line":7,"column":9},"end":{"line":7,"column":13}},"loc":{"start":{"line":7,"column":19},"end":{"line":9,"column":1}},"line":7},"3":{"name":"complement","decl":{"start":{"line":10,"column":9},"end":{"line":10,"column":19}},"loc":{"start":{"line":10,"column":25},"end":{"line":12,"column":1}},"line":10},"4":{"name":"switchNumPercent","decl":{"start":{"line":13,"column":9},"end":{"line":13,"column":25}},"loc":{"start":{"line":13,"column":31},"end":{"line":15,"column":1}},"line":13},"5":{"name":"sum","decl":{"start":{"line":16,"column":9},"end":{"line":16,"column":12}},"loc":{"start":{"line":16,"column":28},"end":{"line":18,"column":1}},"line":16},"6":{"name":"minus","decl":{"start":{"line":20,"column":9},"end":{"line":20,"column":14}},"loc":{"start":{"line":20,"column":30},"end":{"line":22,"column":1}},"line":20},"7":{"name":"multiply","decl":{"start":{"line":23,"column":9},"end":{"line":23,"column":17}},"loc":{"start":{"line":23,"column":33},"end":{"line":25,"column":1}},"line":23},"8":{"name":"divide","decl":{"start":{"line":26,"column":9},"end":{"line":26,"column":15}},"loc":{"start":{"line":26,"column":31},"end":{"line":31,"column":1}},"line":26},"9":{"name":"rootXnum","decl":{"start":{"line":32,"column":9},"end":{"line":32,"column":17}},"loc":{"start":{"line":32,"column":26},"end":{"line":37,"column":1}},"line":32},"10":{"name":"rooSquare","decl":{"start":{"line":38,"column":9},"end":{"line":38,"column":18}},"loc":{"start":{"line":38,"column":24},"end":{"line":43,"column":1}},"line":38},"11":{"name":"rootCube","decl":{"start":{"line":44,"column":9},"end":{"line":44,"column":17}},"loc":{"start":{"line":44,"column":23},"end":{"line":49,"column":1}},"line":44},"12":{"name":"degreeXnum","decl":{"start":{"line":50,"column":9},"end":{"line":50,"column":19}},"loc":{"start":{"line":50,"column":28},"end":{"line":56,"column":1}},"line":50},"13":{"name":"degreeXten","decl":{"start":{"line":57,"column":9},"end":{"line":57,"column":19}},"loc":{"start":{"line":57,"column":23},"end":{"line":59,"column":1}},"line":57},"14":{"name":"factorial","decl":{"start":{"line":60,"column":9},"end":{"line":60,"column":18}},"loc":{"start":{"line":60,"column":24},"end":{"line":66,"column":1}},"line":60}},"branchMap":{"0":{"loc":{"start":{"line":27,"column":4},"end":{"line":29,"column":5}},"type":"if","locations":[{"start":{"line":27,"column":4},"end":{"line":29,"column":5}},{"start":{},"end":{}}],"line":27},"1":{"loc":{"start":{"line":27,"column":8},"end":{"line":27,"column":35}},"type":"binary-expr","locations":[{"start":{"line":27,"column":8},"end":{"line":27,"column":19}},{"start":{"line":27,"column":23},"end":{"line":27,"column":35}}],"line":27},"2":{"loc":{"start":{"line":33,"column":4},"end":{"line":36,"column":27}},"type":"if","locations":[{"start":{"line":33,"column":4},"end":{"line":36,"column":27}},{"start":{"line":36,"column":8},"end":{"line":36,"column":27}}],"line":33},"3":{"loc":{"start":{"line":33,"column":8},"end":{"line":33,"column":30}},"type":"binary-expr","locations":[{"start":{"line":33,"column":8},"end":{"line":33,"column":15}},{"start":{"line":33,"column":19},"end":{"line":33,"column":30}}],"line":33},"4":{"loc":{"start":{"line":39,"column":4},"end":{"line":42,"column":29}},"type":"if","locations":[{"start":{"line":39,"column":4},"end":{"line":42,"column":29}},{"start":{"line":42,"column":8},"end":{"line":42,"column":29}}],"line":39},"5":{"loc":{"start":{"line":45,"column":4},"end":{"line":48,"column":29}},"type":"if","locations":[{"start":{"line":45,"column":4},"end":{"line":48,"column":29}},{"start":{"line":48,"column":8},"end":{"line":48,"column":29}}],"line":45},"6":{"loc":{"start":{"line":51,"column":4},"end":{"line":55,"column":5}},"type":"if","locations":[{"start":{"line":51,"column":4},"end":{"line":55,"column":5}},{"start":{"line":53,"column":11},"end":{"line":55,"column":5}}],"line":51},"7":{"loc":{"start":{"line":61,"column":4},"end":{"line":65,"column":5}},"type":"if","locations":[{"start":{"line":61,"column":4},"end":{"line":65,"column":5}},{"start":{"line":63,"column":11},"end":{"line":65,"column":5}}],"line":61}},"s":{"0":2,"1":2,"2":2,"3":2,"4":2,"5":2,"6":2,"7":2,"8":4,"9":2,"10":2,"11":3,"12":1,"13":2,"14":3,"15":1,"16":2,"17":3,"18":1,"19":2,"20":13,"21":11,"22":2,"23":2,"24":10,"25":2,"26":8,"27":1},"f":{"0":2,"1":2,"2":2,"3":2,"4":2,"5":2,"6":2,"7":2,"8":4,"9":3,"10":3,"11":3,"12":13,"13":2,"14":10},"b":{"0":[2,2],"1":[4,3],"2":[1,2],"3":[3,1],"4":[1,2],"5":[1,2],"6":[11,2],"7":[2,8]},"_coverageSchema":"1a1c01bbd47fc00a2c39e90264f33305004495a9","hash":"d43824c91d8ad00047e7cea5a075ce9eebeba98e"}
}
