TN:
SF:src\basic-maths.js
FN:1,switchPlusMinus
FN:4,square
FN:7,cube
FN:10,complement
FN:13,switchNumPercent
FN:16,sum
FN:20,minus
FN:23,multiply
FN:26,divide
FN:32,rootXnum
FN:38,rooSquare
FN:44,rootCube
FN:50,degreeXnum
FN:57,degreeXten
FN:60,factorial
FNF:15
FNH:15
FNDA:2,switchPlusMinus
FNDA:2,square
FNDA:2,cube
FNDA:2,complement
FNDA:2,switchNumPercent
FNDA:2,sum
FNDA:2,minus
FNDA:2,multiply
FNDA:4,divide
FNDA:3,rootXnum
FNDA:3,rooSquare
FNDA:3,rootCube
FNDA:13,degreeXnum
FNDA:2,degreeXten
FNDA:10,factorial
DA:2,2
DA:5,2
DA:8,2
DA:11,2
DA:14,2
DA:17,2
DA:21,2
DA:24,2
DA:27,4
DA:28,2
DA:30,2
DA:33,3
DA:34,1
DA:36,2
DA:39,3
DA:40,1
DA:42,2
DA:45,3
DA:46,1
DA:48,2
DA:51,13
DA:52,11
DA:54,2
DA:58,2
DA:61,10
DA:62,2
DA:64,8
DA:68,1
LF:28
LH:28
BRDA:27,0,0,2
BRDA:27,0,1,2
BRDA:27,1,0,4
BRDA:27,1,1,3
BRDA:33,2,0,1
BRDA:33,2,1,2
BRDA:33,3,0,3
BRDA:33,3,1,1
BRDA:39,4,0,1
BRDA:39,4,1,2
BRDA:45,5,0,1
BRDA:45,5,1,2
BRDA:51,6,0,11
BRDA:51,6,1,2
BRDA:61,7,0,2
BRDA:61,7,1,8
BRF:16
BRH:16
end_of_record
